<?xml version="1.0" encoding="UTF-8"?>
<testsuite xmlns:xsi="http://www.w3.org/2001/XMLSchema-instance" xsi:noNamespaceSchemaLocation="https://maven.apache.org/surefire/maven-surefire-plugin/xsd/surefire-test-report-3.0.xsd" version="3.0" name="com.example.juniorjavadeveloperbvpsoftware.service.UserServiceTest" time="0.059" tests="16" errors="0" skipped="0" failures="0">
  <properties>
[...]
</properties>
  <testcase name="load_user_by_userName_should_return_UsernameNotFoundException_test" classname="com.example.juniorjavadeveloperbvpsoftware.service.UserServiceTest" time="0.008"/>
  <testcase name="save_user_it_should_return_user_test" classname="com.example.juniorjavadeveloperbvpsoftware.service.UserServiceTest" time="0.002">
    <system-out><![CDATA[2024-04-14T23:25:09.699+03:00  INFO 13808 --- [Junior-Java-Developer-BVP-Software] [           main] c.e.j.service.impl.UserServiceImpl       : User saved: email@gmail.com
]]></system-out>
  </testcase>
  <testcase name="delete_test" classname="com.example.juniorjavadeveloperbvpsoftware.service.UserServiceTest" time="0.003"/>
  <testcase name="get_all_users_test" classname="com.example.juniorjavadeveloperbvpsoftware.service.UserServiceTest" time="0.002"/>
  <testcase name="update_user_NullPointerException_test" classname="com.example.juniorjavadeveloperbvpsoftware.service.UserServiceTest" time="0.003"/>
  <testcase name="save_user_it_should_return_NullEntityReferenceException_test" classname="com.example.juniorjavadeveloperbvpsoftware.service.UserServiceTest" time="0.003">
    <system-out><![CDATA[2024-04-14T23:25:09.711+03:00 ERROR 13808 --- [Junior-Java-Developer-BVP-Software] [           main] c.e.j.service.impl.UserServiceImpl       : Attempted to save null user
]]></system-out>
  </testcase>
  <testcase name="read_by_id_should_return_user_test" classname="com.example.juniorjavadeveloperbvpsoftware.service.UserServiceTest" time="0.002"/>
  <testcase name="save_user_it_should_return_NullPointerException_test" classname="com.example.juniorjavadeveloperbvpsoftware.service.UserServiceTest" time="0.002">
    <system-out><![CDATA[2024-04-14T23:25:09.716+03:00 ERROR 13808 --- [Junior-Java-Developer-BVP-Software] [           main] c.e.j.service.impl.UserServiceImpl       : Attempted to save empty email or password
]]></system-out>
  </testcase>
  <testcase name="update_user_test" classname="com.example.juniorjavadeveloperbvpsoftware.service.UserServiceTest" time="0.002"/>
  <testcase name="delete_should_return_ThrowException_test" classname="com.example.juniorjavadeveloperbvpsoftware.service.UserServiceTest" time="0.002"/>
  <testcase name="save_user_it_should_return_UserAlreadyExistsException_test" classname="com.example.juniorjavadeveloperbvpsoftware.service.UserServiceTest" time="0.003">
    <system-out><![CDATA[2024-04-14T23:25:09.726+03:00 ERROR 13808 --- [Junior-Java-Developer-BVP-Software] [           main] c.e.j.service.impl.UserServiceImpl       : Attempted to save user with existing email: email@gmail.com
]]></system-out>
  </testcase>
  <testcase name="update_user_NullEntityReferenceException_test" classname="com.example.juniorjavadeveloperbvpsoftware.service.UserServiceTest" time="0.003">
    <system-out><![CDATA[2024-04-14T23:25:09.729+03:00 ERROR 13808 --- [Junior-Java-Developer-BVP-Software] [           main] c.e.j.service.impl.UserServiceImpl       : Attempted to update null user
]]></system-out>
  </testcase>
  <testcase name="load_user_by_userName_test" classname="com.example.juniorjavadeveloperbvpsoftware.service.UserServiceTest" time="0.002"/>
  <testcase name="find_by_email_should_return_user_test" classname="com.example.juniorjavadeveloperbvpsoftware.service.UserServiceTest" time="0.003"/>
  <testcase name="read_by_id_should_return_EntityNotFoundException_test" classname="com.example.juniorjavadeveloperbvpsoftware.service.UserServiceTest" time="0.003"/>
  <testcase name="find_by_email_should_return_null_test" classname="com.example.juniorjavadeveloperbvpsoftware.service.UserServiceTest" time="0.006">
    <system-out><![CDATA[2024-04-14T23:25:09.745+03:00 ERROR 13808 --- [Junior-Java-Developer-BVP-Software] [           main] c.e.j.service.impl.UserServiceImpl       : Unable to find user with email: email
]]></system-out>
  </testcase>
</testsuite>